<?xml version="1.0" encoding="UTF-8"?>
<!-- Generated by org.testng.reporters.JUnitReportReporter -->
<testsuite hostname="THORPC" name="qa.test.JQueryTest" tests="1" failures="0" timestamp="29 Mar 2014 04:37:11 GMT" time="35.351" errors="0">
  <testcase name="runTest" time="35.351" classname="qa.test.JQueryTest"/>
</testsuite> <!-- qa.test.JQueryTest -->
